[2014/01/25 23:52:07][stdin]sp_help
go
[2014/01/25 23:53:17][stdin]sp_help
go
[2014/01/25 23:53:28][stdin]drop table t1 
go
 create table t1 (id varchar(10), name varchar(10))
go

go
[2014/01/25 23:53:28][stdin]sp_help
go
[2014/01/25 23:53:28][stdin]use master
go
 sp_dboption "ase1", "select into/bulkcopy", true 
go
 
go
[2014/01/25 23:53:28][stdin]select * from t1
go
[2014/01/25 23:53:28][stdin]select * from t1
go
[2014/01/25 23:53:35][stdin]insert into t1 values ('1', 'aaa')
go
[2014/01/25 23:53:35][stdin]select * from t1
go

go
[2014/01/25 23:54:54][stdin]delete t1 
go
[2014/01/25 23:54:55][stdin]insert into t1 values ('1', 'aaa')
go
[2014/01/25 23:54:55][stdin]select * from t1
go

go
[2014/01/25 23:55:08][stdin]delete t1 
go
[2014/01/25 23:55:08][stdin]insert into t1 values ('1', 'aaa')
go
[2014/01/25 23:55:08][stdin]select * from t1
go

go
[2014/01/25 23:55:35][stdin]delete t1 
go
[2014/01/25 23:55:35][stdin]insert into t1 values ('1', 'aaa')
go
[2014/01/25 23:55:35][stdin]select * from t1
go

go
[2014/01/25 23:55:42][stdin]drop table t1 
go
 create table t1 (id varchar(10), name varchar(10))
go

go
[2014/01/25 23:55:42][stdin]sp_help
go
[2014/01/25 23:55:42][stdin]use master
go
 sp_dboption "ase1", "select into/bulkcopy", true 
go
 
go
[2014/01/25 23:55:43][stdin]select * from t1
go
[2014/01/25 23:55:43][stdin]select * from t1
go
