Buildfile: .\build.xml

init:

compile:

dist:
      [jar] Building jar: D:\MyDocuments\100_PC\00_Programing\Java\00_TOOL\Rename\dist\lib\MyProject-20090117.jar

BUILD SUCCESSFUL
Total time: 0 seconds
Buildfile: .\build.xml

init:
    [mkdir] Created dir: D:\MyDocuments\100_PC\00_Programing\Java\00_TOOL\Rename\build

compile:
    [javac] Compiling 1 source file to D:\MyDocuments\100_PC\00_Programing\Java\00_TOOL\Rename\build

dist:
    [mkdir] Created dir: D:\MyDocuments\100_PC\00_Programing\Java\00_TOOL\Rename\dist\lib
      [jar] Building jar: D:\MyDocuments\100_PC\00_Programing\Java\00_TOOL\Rename\dist\lib\MyProject-20090117.jar

BUILD SUCCESSFUL
Total time: 1 second
Buildfile: .\build.xml

init:
    [mkdir] Created dir: D:\MyDocuments\100_PC\00_Programing\Java\00_TOOL\Rename\classes

compile:
    [javac] Compiling 1 source file to D:\MyDocuments\100_PC\00_Programing\Java\00_TOOL\Rename\classes

dist:
    [mkdir] Created dir: D:\MyDocuments\100_PC\00_Programing\Java\00_TOOL\Rename\dist\lib
      [jar] Building jar: D:\MyDocuments\100_PC\00_Programing\Java\00_TOOL\Rename\dist\lib\MyProject-20090117.jar

BUILD SUCCESSFUL
Total time: 0 seconds
Buildfile: .\build.xml

init:

compile:

dist:

BUILD SUCCESSFUL
Total time: 0 seconds
Buildfile: .\build.xml

init:

compile:

dist:
    [mkdir] Created dir: D:\MyDocuments\100_PC\00_Programing\Java\00_TOOL\Rename\dist\lib
      [jar] Building jar: D:\MyDocuments\100_PC\00_Programing\Java\00_TOOL\Rename\dist\lib\MyProject-20090117.jar

BUILD SUCCESSFUL
Total time: 0 seconds
Buildfile: .\build.xml

init:

compile:

dist:

BUILD SUCCESSFUL
Total time: 0 seconds
Buildfile: .\build.xml

init:

compile:

dist:
      [jar] Building jar: D:\MyDocuments\100_PC\00_Programing\Java\00_TOOL\Rename\dist\lib\Rename-20090117.jar

BUILD SUCCESSFUL
Total time: 0 seconds
Buildfile: .\build.xml

init:

compile:

dist:
    [mkdir] Created dir: D:\MyDocuments\100_PC\00_Programing\Java\00_TOOL\Rename\dist\lib\20090117
      [jar] Building jar: D:\MyDocuments\100_PC\00_Programing\Java\00_TOOL\Rename\dist\lib\20090117\Rename.jar

BUILD SUCCESSFUL
Total time: 0 seconds
